Step 0: Terraform init
[0m[1mInitializing the backend...[0m
[0m[1mInit[31m╷[0m[0m
[31m│[0m [0m[1m[31mError: [0m[0m[1mInvalid index[0m
[31m│[0m [0m
[31m│[0m [0m[0m  on k8s_masters.tf line 46, in resource "proxmox_vm_qemu" "k8s_masters":
[31m│[0m [0m  46:   ipconfig0  = "ip=${var.vm_ips[4m[each.key][0m}/24,gw=192.168.1.1"[0m
[31m│[0m [0m    [90m├────────────────[0m
[31m│[0m [0m[0m    [90m│[0m [1meach.key[0m is "k8s-master-1"
[31m│[0m [0m[0m    [90m│[0m [1mvar.vm_ips[0m is map of string with 7 elements
[31m│[0m [0m[0m
[31m│[0m [0mThe given key does not identify an element in this collection value.
[31m╵[0m[0m
[31m╷[0m[0m
[31m│[0m [0m[1m[31mError: [0m[0m[1mInvalid index[0m
[31m│[0m [0m
[31m│[0m [0m[0m  on k8s_workers.tf line 46, in resource "proxmox_vm_qemu" "k8s_workers":
[31m│[0m [0m  46:   ipconfig0  = "ip=${var.vm_ips[4m[each.key][0m}/24,gw=192.168.1.1"[0m
[31m│[0m [0m    [90m├────────────────[0m
[31m│[0m [0m[0m    [90m│[0m [1meach.key[0m is "k8s-worker-1"
[31m│[0m [0m[0m    [90m│[0m [1mvar.vm_ips[0m is map of string with 7 elements
[31m│[0m [0m[0m
[31m│[0m [0mThe given key does not identify an element in this collection value.
[31m╵[0m[0m
[31m╷[0m[0m
[31m│[0m [0m[1m[31mError: [0m[0m[1mInvalid index[0m
[31m│[0m [0m
[31m│[0m [0m[0m  on nfs_server.tf line 41, in resource "proxmox_vm_qemu" "nfs_server":
[31m│[0m [0m  41:   ipconfig0  = "ip=${var.vm_ips[4m["nfs_server"][0m}/24,gw=192.168.1.1"[0m
[31m│[0m [0m    [90m├────────────────[0m
[31m│[0m [0m[0m    [90m│[0m [1mvar.vm_ips[0m is map of string with 7 elements
[31m│[0m [0m[0m
[31m│[0m [0mThe given key does not identify an element in this collection value.
[31m╵[0m[0m
Running Terraform and Ansible deployment...
